0 info it worked if it ends with ok
1 verbose cli [ '/usr/local/bin/node',
1 verbose cli   '/usr/local/bin/npm',
1 verbose cli   'install',
1 verbose cli   '--save',
1 verbose cli   'gulp-stylus' ]
2 info using npm@1.4.28
3 info using node@v0.10.35
4 warn package.json socialApp@1.0.0 No repository field.
5 warn package.json socialApp@1.0.0 No README data
6 verbose readDependencies using package.json deps
7 verbose cache add [ 'gulp-stylus', null ]
8 verbose cache add name=undefined spec="gulp-stylus" args=["gulp-stylus",null]
9 verbose parsed url { protocol: null,
9 verbose parsed url   slashes: null,
9 verbose parsed url   auth: null,
9 verbose parsed url   host: null,
9 verbose parsed url   port: null,
9 verbose parsed url   hostname: null,
9 verbose parsed url   hash: null,
9 verbose parsed url   search: null,
9 verbose parsed url   query: null,
9 verbose parsed url   pathname: 'gulp-stylus',
9 verbose parsed url   path: 'gulp-stylus',
9 verbose parsed url   href: 'gulp-stylus' }
10 silly lockFile edf56ce6-gulp-stylus gulp-stylus
11 verbose lock gulp-stylus /home/piyush/.npm/edf56ce6-gulp-stylus.lock
12 silly lockFile edf56ce6-gulp-stylus gulp-stylus
13 silly lockFile edf56ce6-gulp-stylus gulp-stylus
14 verbose addNamed [ 'gulp-stylus', '' ]
15 verbose addNamed [ null, '*' ]
16 silly lockFile a924a3a8-gulp-stylus gulp-stylus@
17 verbose lock gulp-stylus@ /home/piyush/.npm/a924a3a8-gulp-stylus.lock
18 silly addNameRange { name: 'gulp-stylus', range: '*', hasData: false }
19 verbose request where is /gulp-stylus
20 verbose request registry https://registry.npmjs.org/
21 verbose request id f656a6bdfb3152cb
22 verbose url raw /gulp-stylus
23 verbose url resolving [ 'https://registry.npmjs.org/', './gulp-stylus' ]
24 verbose url resolved https://registry.npmjs.org/gulp-stylus
25 verbose request where is https://registry.npmjs.org/gulp-stylus
26 info trying registry request attempt 1 at 09:28:09
27 http GET https://registry.npmjs.org/gulp-stylus
28 info retry will retry, error on last attempt: Error: getaddrinfo ENOTFOUND
29 info trying registry request attempt 2 at 09:28:19
30 http GET https://registry.npmjs.org/gulp-stylus
31 info retry will retry, error on last attempt: Error: getaddrinfo ENOTFOUND
32 info trying registry request attempt 3 at 09:29:19
33 http GET https://registry.npmjs.org/gulp-stylus
34 silly lockFile a924a3a8-gulp-stylus gulp-stylus@
35 silly lockFile a924a3a8-gulp-stylus gulp-stylus@
36 error network getaddrinfo ENOTFOUND
36 error network This is most likely not a problem with npm itself
36 error network and is related to network connectivity.
36 error network In most cases you are behind a proxy or have bad network settings.
36 error network
36 error network If you are behind a proxy, please make sure that the
36 error network 'proxy' config is set properly.  See: 'npm help config'
37 error System Linux 3.13.0-43-generic
38 error command "/usr/local/bin/node" "/usr/local/bin/npm" "install" "--save" "gulp-stylus"
39 error cwd /home/piyush/MyExpWorld/socialApp
40 error node -v v0.10.35
41 error npm -v 1.4.28
42 error syscall getaddrinfo
43 error code ENOTFOUND
44 error errno ENOTFOUND
45 verbose exit [ 1, true ]
